=== RUN   TestArchiveCmd
Using config file: /app/cmd/recac/config.yaml
--- PASS: TestArchiveCmd (0.00s)
=== RUN   TestHelperProcess
--- PASS: TestHelperProcess (0.00s)
=== RUN   TestCommands
=== RUN   TestCommands/Init_Command
Using config file: /app/cmd/recac/config.yaml
Initializing project from spec: app_spec.txt
Using Mock Agent...
Generating feature list (this may take a moment)...
Created initial_features.json. Run 'cat initial_features.json | agent-bridge import' to load features.
Project structure created successfully.
=== RUN   TestCommands/Config_Get_Command
Using config file: /tmp/TestCommandsConfig_Get_Command3648299733/001/config-492699047.yaml
=== RUN   TestCommands/Config_Command
Using config file: /app/cmd/recac/config.yaml
=== RUN   TestCommands/Start_Mock_Command
Using config file: /app/cmd/recac/config.yaml
Using project path: .
[] Starting in MOCK MODE
[Session] DB Store initialized successfully: type=sqlite, project=mock-project
{"time":"2026-01-18T02:36:02.083049864Z","level":"INFO","msg":"[DB] Store initialized successfully","type":"sqlite","project":"mock-project"}
Session logs will be written to: /tmp/TestCommands589811165/001/start-test/agents/logs/mock-project_agent_mock-project_20260118-023602.log
Initializing session with image: ghcr.io/process-failed-successfully/recac-agent:latest
Loaded spec: 9 bytes
Default agent image 'ghcr.io/process-failed-successfully/recac-agent:latest' not found locally. Pulling...
Agent image pulled successfully.
Warning: Failed to locate agent-bridge binary: agent-bridge binary not found at /tmp/TestCommands589811165/001/start-test/agent-bridge. Did you run 'make bridge'?. Agent CLI tools will not work.
Container started successfully. ID: mock-container-id
Fixing container passwd database for UID:GID 1001:1001...
Updated workspace .gitignore with agent patterns.
Bootstrapping git config (email: recac-agent@example.com, name: RECAC Agent, excludes: /etc/gitignore_global)...
{"time":"2026-01-18T02:36:02.090402304Z","level":"INFO","msg":"Checking notification for event: on_start"}
{"time":"2026-01-18T02:36:02.090613786Z","level":"INFO","msg":"entering autonomous run loop","project":"mock-project"}
{"time":"2026-01-18T02:36:02.090630387Z","level":"INFO","msg":"Checking notification for event: on_start"}
Warning: Failed to ensure state files are ignored: failed to untrack state files: exit status 128
{"time":"2026-01-18T02:36:02.09886662Z","level":"INFO","msg":"[DEBUG] Attempting to load features from DB","project":"mock-project","project":"mock-project"}
{"time":"2026-01-18T02:36:02.099081068Z","level":"INFO","msg":"starting iteration","project":"mock-project","iteration":1,"task_id":"","agent_provider":"gemini","agent_model":"gemini-pro"}
{"time":"2026-01-18T02:36:02.099097765Z","level":"INFO","msg":"[DEBUG] Attempting to load features from DB","project":"mock-project","project":"mock-project"}
{"time":"2026-01-18T02:36:02.099277812Z","level":"INFO","msg":"[DEBUG] Attempting to load features from DB","project":"mock-project","project":"mock-project"}
Feature list not found (in DB, Content, or File). Running Initializer.
{"time":"2026-01-18T02:36:02.103149628Z","level":"INFO","msg":"agent role selected","project":"mock-project","role":"Agent"}
{"time":"2026-01-18T02:36:02.103208952Z","level":"INFO","msg":"sending prompt to agent","project":"mock-project"}
Agent Response: Mock agent response:

I received your prompt (3964 characters). In mock mode, I would process this request and provide a response. The actual implementation would call the AI provider API here.

Prompt preview: ## YOUR ROLE - INITIALIZER AGENT

You are the FIRST agent in a long-running autonomous development p...
{"time":"2026-01-18T02:36:02.103231527Z","level":"INFO","msg":"agent response received","project":"mock-project","role":"Agent","chars":314}
{"time":"2026-01-18T02:36:02.103335731Z","level":"INFO","msg":"security scan passed","project":"mock-project"}
{"time":"2026-01-18T02:36:02.106070998Z","level":"INFO","msg":"[DEBUG] Attempting to load features from DB","project":"mock-project","project":"mock-project"}
{"time":"2026-01-18T02:36:03.110526548Z","level":"INFO","msg":"reached max iterations","project":"mock-project","max_iterations":1}
Cleaning up container: mock-container-id
Container cleaned up successfully
Session failed: maximum iterations reached

=== CRITICAL ERROR: Session Panic ===
Error: exit-1
Attempting graceful shutdown...
=== RUN   TestCommands/Signal_Command
Using config file: /app/cmd/recac/config.yaml
Signal 'SOME_SIGNAL' cleared successfully.
=== RUN   TestCommands/Logs_Command
=== RUN   TestCommands/Check_Command
Using config file: /app/cmd/recac/config.yaml
Running pre-flight checks...
✅ Config found
✅ Go installed
❌ Docker: exit status 1

Some checks failed.
Run with --fix to attempt automatic repairs.
=== RUN   TestCommands/Clean_Command
Using config file: /app/cmd/recac/config.yaml
Cleaning up temporary files...
Removed /tmp/TestCommandsClean_Command2497080926/001/dummy.txt
Cleanup complete.
=== RUN   TestCommands/Version_Command
Using config file: /app/cmd/recac/config.yaml
recac version v0.2.0
Commit: HEAD
Build Date: 2025-12-28
Go Version: go1.25.0
Platform: linux/amd64
=== RUN   TestCommands/Missing_Args
Using config file: /app/cmd/recac/config.yaml
Using config file: /app/cmd/recac/config.yaml
Using project path: .
Session failed: --name is required when using --detached

=== CRITICAL ERROR: Session Panic ===
Error: exit-1
Attempting graceful shutdown...
    commands_test.go:243: Expected error for detached without name
=== RUN   TestCommands/Interactive_Slash_Command
=== RUN   TestCommands/Stop_Command_Interactive
Using config file: /app/cmd/recac/config.yaml
fatal: not a git repository (or any of the parent directories): .git
--- PASS: TestCommands (3.24s)
    --- PASS: TestCommands/Init_Command (0.00s)
    --- PASS: TestCommands/Config_Get_Command (0.00s)
    --- PASS: TestCommands/Config_Command (0.00s)
    --- PASS: TestCommands/Start_Mock_Command (1.06s)
    --- PASS: TestCommands/Signal_Command (0.00s)
    --- PASS: TestCommands/Logs_Command (0.00s)
    --- PASS: TestCommands/Check_Command (0.09s)
    --- PASS: TestCommands/Clean_Command (0.00s)
    --- PASS: TestCommands/Version_Command (0.00s)
    --- PASS: TestCommands/Missing_Args (0.00s)
    --- PASS: TestCommands/Interactive_Slash_Command (0.06s)
    --- PASS: TestCommands/Stop_Command_Interactive (2.01s)
=== RUN   TestCommitCmd
=== RUN   TestCommitCmd/No_Staged_Changes
Using config file: /app/cmd/recac/config.yaml
=== RUN   TestCommitCmd/Generate_Message_Only_(Dry_Run)
Using config file: /app/cmd/recac/config.yaml
=== RUN   TestCommitCmd/Generate_and_Commit_(--yes)
Using config file: /app/cmd/recac/config.yaml
=== RUN   TestCommitCmd/Agent_Error
Using config file: /app/cmd/recac/config.yaml
=== RUN   TestCommitCmd/Not_A_Git_Repo
Using config file: /app/cmd/recac/config.yaml
--- PASS: TestCommitCmd (0.00s)
    --- PASS: TestCommitCmd/No_Staged_Changes (0.00s)
    --- PASS: TestCommitCmd/Generate_Message_Only_(Dry_Run) (0.00s)
    --- PASS: TestCommitCmd/Generate_and_Commit_(--yes) (0.00s)
    --- PASS: TestCommitCmd/Agent_Error (0.00s)
    --- PASS: TestCommitCmd/Not_A_Git_Repo (0.00s)
=== RUN   TestListKeysCommand
Using config file: /app/cmd/recac/config.yaml
--- PASS: TestListKeysCommand (0.00s)
=== RUN   TestListModelsCommand
Using config file: /app/cmd/recac/config.yaml
--- PASS: TestListModelsCommand (0.00s)
=== RUN   TestCostCommand_Static
Using config file: /app/cmd/recac/config.yaml
--- PASS: TestCostCommand_Static (0.00s)
=== RUN   TestCostCommand_WatchFlag
Using config file: /app/cmd/recac/config.yaml
--- PASS: TestCostCommand_WatchFlag (0.00s)
=== RUN   TestCostCommand_Flags
--- PASS: TestCostCommand_Flags (0.00s)
=== RUN   TestDiffCmd
=== RUN   TestDiffCmd/displays_metadata_and_log_diff
Using config file: /app/cmd/recac/config.yaml
=== RUN   TestDiffCmd/handles_no_differences_in_logs
Using config file: /app/cmd/recac/config.yaml
=== RUN   TestDiffCmd/handles_missing_sessions
Using config file: /app/cmd/recac/config.yaml
Using config file: /app/cmd/recac/config.yaml
--- PASS: TestDiffCmd (0.01s)
    --- PASS: TestDiffCmd/displays_metadata_and_log_diff (0.00s)
    --- PASS: TestDiffCmd/handles_no_differences_in_logs (0.00s)
    --- PASS: TestDiffCmd/handles_missing_sessions (0.00s)
=== RUN   TestDoctorCmd
Using config file: /app/cmd/recac/config.yaml
--- PASS: TestDoctorCmd (0.00s)
=== RUN   TestExecCmd
Using config file: /app/cmd/recac/config.yaml
--- PASS: TestExecCmd (0.00s)
=== RUN   TestExplainCmd_File
--- PASS: TestExplainCmd_File (0.00s)
=== RUN   TestExplainCmd_Stdin
--- PASS: TestExplainCmd_Stdin (0.00s)
=== RUN   TestExportCmd
Using config file: /app/cmd/recac/config.yaml
--- PASS: TestExportCmd (0.01s)
=== RUN   TestFindCmd
=== RUN   TestFindCmd/No_filters
Using config file: /app/cmd/recac/config.yaml
=== RUN   TestFindCmd/Filter_by_status_'completed'
Using config file: /app/cmd/recac/config.yaml
=== RUN   TestFindCmd/Filter_by_goal_'feature'
Using config file: /app/cmd/recac/config.yaml
=== RUN   TestFindCmd/Filter_by_error_'wrong'
Using config file: /app/cmd/recac/config.yaml
=== RUN   TestFindCmd/Filter_by_file_'main.go'
Using config file: /app/cmd/recac/config.yaml
=== RUN   TestFindCmd/Filter_by_since_'90m'
Using config file: /app/cmd/recac/config.yaml
=== RUN   TestFindCmd/No_results_found
Using config file: /app/cmd/recac/config.yaml
--- PASS: TestFindCmd (0.00s)
    --- PASS: TestFindCmd/No_filters (0.00s)
    --- PASS: TestFindCmd/Filter_by_status_'completed' (0.00s)
    --- PASS: TestFindCmd/Filter_by_goal_'feature' (0.00s)
    --- PASS: TestFindCmd/Filter_by_error_'wrong' (0.00s)
    --- PASS: TestFindCmd/Filter_by_file_'main.go' (0.00s)
    --- PASS: TestFindCmd/Filter_by_since_'90m' (0.00s)
    --- PASS: TestFindCmd/No_results_found (0.00s)
=== RUN   TestGenerateTestsCmd_File
--- PASS: TestGenerateTestsCmd_File (0.00s)
=== RUN   TestGenerateTestsCmd_Framework
Using config file: /app/cmd/recac/config.yaml
--- PASS: TestGenerateTestsCmd_Framework (0.00s)
=== RUN   TestGenerateTestsCmd_Output
Using config file: /app/cmd/recac/config.yaml
--- PASS: TestGenerateTestsCmd_Output (0.00s)
=== RUN   TestExtractCodeBlock
--- PASS: TestExtractCodeBlock (0.00s)
=== RUN   TestGraphCmd
Using config file: /app/cmd/recac/config.yaml
--- PASS: TestGraphCmd (0.03s)
=== RUN   TestGraphCmd_NoFeatures
Using config file: /app/cmd/recac/config.yaml
--- PASS: TestGraphCmd_NoFeatures (0.03s)
=== RUN   TestGraphCmd_LatestSession
Using config file: /app/cmd/recac/config.yaml
--- PASS: TestGraphCmd_LatestSession (0.03s)
=== RUN   TestHintCommand
Using config file: /app/cmd/recac/config.yaml
--- PASS: TestHintCommand (0.00s)
=== RUN   TestHistoryCommand
=== RUN   TestHistoryCommand/Standard_History
Using config file: /app/cmd/recac/config.yaml
=== RUN   TestHistoryCommand/Full_Logs_History
Using config file: /app/cmd/recac/config.yaml
=== RUN   TestHistoryCommand/Interactive_History_Compare
Using config file: /app/cmd/recac/config.yaml
--- PASS: TestHistoryCommand (0.01s)
    --- PASS: TestHistoryCommand/Standard_History (0.00s)
    --- PASS: TestHistoryCommand/Full_Logs_History (0.00s)
    --- PASS: TestHistoryCommand/Interactive_History_Compare (0.00s)
=== RUN   TestImproveCmd
=== RUN   TestImproveCmd/Improve_file_(stdout)
Using config file: /app/cmd/recac/config.yaml
=== RUN   TestImproveCmd/Improve_file_in-place
Using config file: /app/cmd/recac/config.yaml
=== RUN   TestImproveCmd/Improve_with_diff
Using config file: /app/cmd/recac/config.yaml
=== RUN   TestImproveCmd/CleanCode_extracts_from_markdown
=== RUN   TestImproveCmd/CleanCode_returns_raw_if_no_markdown
--- PASS: TestImproveCmd (0.00s)
    --- PASS: TestImproveCmd/Improve_file_(stdout) (0.00s)
    --- PASS: TestImproveCmd/Improve_file_in-place (0.00s)
    --- PASS: TestImproveCmd/Improve_with_diff (0.00s)
    --- PASS: TestImproveCmd/CleanCode_extracts_from_markdown (0.00s)
    --- PASS: TestImproveCmd/CleanCode_returns_raw_if_no_markdown (0.00s)
=== RUN   TestInspectCmd
=== RUN   TestInspectCmd/InspectCompletedSession
Using config file: /app/cmd/recac/config.yaml
=== RUN   TestInspectCmd/InspectRunningSession
Using config file: /app/cmd/recac/config.yaml
=== RUN   TestInspectCmd/InspectErroredSession
Using config file: /app/cmd/recac/config.yaml
=== RUN   TestInspectCmd/InspectNonExistentSession
Using config file: /app/cmd/recac/config.yaml
=== RUN   TestInspectCmd/InspectMostRecent
Using config file: /app/cmd/recac/config.yaml
=== RUN   TestInspectCmd/InspectNoSessions
Using config file: /app/cmd/recac/config.yaml
--- PASS: TestInspectCmd (0.00s)
    --- PASS: TestInspectCmd/InspectCompletedSession (0.00s)
    --- PASS: TestInspectCmd/InspectRunningSession (0.00s)
    --- PASS: TestInspectCmd/InspectErroredSession (0.00s)
    --- PASS: TestInspectCmd/InspectNonExistentSession (0.00s)
    --- PASS: TestInspectCmd/InspectMostRecent (0.00s)
    --- PASS: TestInspectCmd/InspectNoSessions (0.00s)
=== RUN   TestLogsCmd
=== RUN   TestLogsCmd/logs_--all_streams_running_sessions
Using config file: /app/cmd/recac/config.yaml
=== RUN   TestLogsCmd/logs_single_session
Using config file: /app/cmd/recac/config.yaml
=== RUN   TestLogsCmd/logs_--all_with_filter
Using config file: /app/cmd/recac/config.yaml
=== RUN   TestLogsCmd/logs_--all_with_no_running_sessions
Using config file: /app/cmd/recac/config.yaml
=== RUN   TestLogsCmd/logs_validation_errors
Using config file: /app/cmd/recac/config.yaml
Using config file: /app/cmd/recac/config.yaml
Using config file: /app/cmd/recac/config.yaml
Using config file: /app/cmd/recac/config.yaml
--- PASS: TestLogsCmd (0.01s)
    --- PASS: TestLogsCmd/logs_--all_streams_running_sessions (0.00s)
    --- PASS: TestLogsCmd/logs_single_session (0.00s)
    --- PASS: TestLogsCmd/logs_--all_with_filter (0.00s)
    --- PASS: TestLogsCmd/logs_--all_with_no_running_sessions (0.00s)
    --- PASS: TestLogsCmd/logs_validation_errors (0.00s)
=== RUN   TestLsCommand_NoSessions
Using config file: /app/cmd/recac/config.yaml
--- PASS: TestLsCommand_NoSessions (0.00s)
=== RUN   TestLsCommand_WithSessions
Using config file: /app/cmd/recac/config.yaml
--- PASS: TestLsCommand_WithSessions (0.00s)
=== RUN   TestLsCommand_WithGoal
Using config file: /app/cmd/recac/config.yaml
--- PASS: TestLsCommand_WithGoal (0.00s)
=== RUN   TestLsCommand_FilterByStatus
=== RUN   TestLsCommand_FilterByStatus/filter_by_completed
Using config file: /app/cmd/recac/config.yaml
=== RUN   TestLsCommand_FilterByStatus/filter_by_error
Using config file: /app/cmd/recac/config.yaml
=== RUN   TestLsCommand_FilterByStatus/filter_is_case-insensitive
Using config file: /app/cmd/recac/config.yaml
=== RUN   TestLsCommand_FilterByStatus/filter_with_no_matches
Using config file: /app/cmd/recac/config.yaml
--- PASS: TestLsCommand_FilterByStatus (0.01s)
    --- PASS: TestLsCommand_FilterByStatus/filter_by_completed (0.00s)
    --- PASS: TestLsCommand_FilterByStatus/filter_by_error (0.00s)
    --- PASS: TestLsCommand_FilterByStatus/filter_is_case-insensitive (0.00s)
    --- PASS: TestLsCommand_FilterByStatus/filter_with_no_matches (0.00s)
=== RUN   TestLsCommand_FilterByTime
=== RUN   TestLsCommand_FilterByTime/filter_with_--since_duration
Using config file: /app/cmd/recac/config.yaml
=== RUN   TestLsCommand_FilterByTime/filter_with_--since_timestamp
Using config file: /app/cmd/recac/config.yaml
=== RUN   TestLsCommand_FilterByTime/filter_with_--before_duration
Using config file: /app/cmd/recac/config.yaml
=== RUN   TestLsCommand_FilterByTime/filter_with_--before_timestamp
Using config file: /app/cmd/recac/config.yaml
=== RUN   TestLsCommand_FilterByTime/filter_with_--since_and_--before
Using config file: /app/cmd/recac/config.yaml
=== RUN   TestLsCommand_FilterByTime/filter_with_invalid_time_value
Using config file: /app/cmd/recac/config.yaml
=== RUN   TestLsCommand_FilterByTime/combined_filter_with_--status_and_--since
Using config file: /app/cmd/recac/config.yaml
--- PASS: TestLsCommand_FilterByTime (0.01s)
    --- PASS: TestLsCommand_FilterByTime/filter_with_--since_duration (0.00s)
    --- PASS: TestLsCommand_FilterByTime/filter_with_--since_timestamp (0.00s)
    --- PASS: TestLsCommand_FilterByTime/filter_with_--before_duration (0.00s)
    --- PASS: TestLsCommand_FilterByTime/filter_with_--before_timestamp (0.00s)
    --- PASS: TestLsCommand_FilterByTime/filter_with_--since_and_--before (0.00s)
    --- PASS: TestLsCommand_FilterByTime/filter_with_invalid_time_value (0.00s)
    --- PASS: TestLsCommand_FilterByTime/combined_filter_with_--status_and_--since (0.00s)
=== RUN   TestMain_HappyPath
--- PASS: TestMain_HappyPath (0.08s)
=== RUN   TestNowCommand
=== RUN   TestNowCommand/no_sessions
Using config file: /app/cmd/recac/config.yaml
=== RUN   TestNowCommand/only_running_sessions
Using config file: /app/cmd/recac/config.yaml
=== RUN   TestNowCommand/only_recent_sessions
Using config file: /app/cmd/recac/config.yaml
=== RUN   TestNowCommand/mix_of_all_session_types
Using config file: /app/cmd/recac/config.yaml
=== RUN   TestNowCommand/no_recent_activity_for_summary
Using config file: /app/cmd/recac/config.yaml
--- PASS: TestNowCommand (0.01s)
    --- PASS: TestNowCommand/no_sessions (0.00s)
    --- PASS: TestNowCommand/only_running_sessions (0.00s)
    --- PASS: TestNowCommand/only_recent_sessions (0.00s)
    --- PASS: TestNowCommand/mix_of_all_session_types (0.00s)
    --- PASS: TestNowCommand/no_recent_activity_for_summary (0.00s)
=== RUN   TestPauseCmd
=== RUN   TestPauseCmd/successfully_pauses_a_running_session
Using config file: /app/cmd/recac/config.yaml
=== RUN   TestPauseCmd/fails_to_pause_a_session_that_is_not_running
Using config file: /app/cmd/recac/config.yaml
=== RUN   TestPauseCmd/fails_to_pause_a_non-existent_session
Using config file: /app/cmd/recac/config.yaml
=== RUN   TestPauseCmd/interactive_prompt_when_no_session_is_provided
Using config file: /app/cmd/recac/config.yaml
=== RUN   TestPauseCmd/interactive_prompt_with_no_running_sessions
Using config file: /app/cmd/recac/config.yaml
--- PASS: TestPauseCmd (0.00s)
    --- PASS: TestPauseCmd/successfully_pauses_a_running_session (0.00s)
    --- PASS: TestPauseCmd/fails_to_pause_a_session_that_is_not_running (0.00s)
    --- PASS: TestPauseCmd/fails_to_pause_a_non-existent_session (0.00s)
    --- PASS: TestPauseCmd/interactive_prompt_when_no_session_is_provided (0.00s)
    --- PASS: TestPauseCmd/interactive_prompt_with_no_running_sessions (0.00s)
=== RUN   TestPlanCmd
Using config file: /app/cmd/recac/config.yaml
Analyzing spec from /tmp/recac-plan-test1759431530/app_spec.txt...
Consulting Planner Agent...
Plan generated successfully!
Project: Calculator
Features: 1
Saved to: feature_list.json
--- PASS: TestPlanCmd (0.00s)
=== RUN   TestPlanCmd_MissingSpec
Using config file: /app/cmd/recac/config.yaml
Error: failed to read spec file non_existent_spec.txt: open non_existent_spec.txt: no such file or directory
Usage:
  plan [spec_file] [flags]

Flags:
  -h, --help            help for plan
  -o, --output string   Output file for the generated feature list (default "feature_list.json")

--- PASS: TestPlanCmd_MissingSpec (0.00s)
=== RUN   TestPlanCmd_InvalidJSON
Using config file: /app/cmd/recac/config.yaml
Analyzing spec from /tmp/recac-plan-test-invalid2398499492/app_spec.txt...
Consulting Planner Agent...
Error: failed to parse agent response as JSON: invalid character 'T' looking for beginning of value
Response: This is not JSON
Usage:
  plan [spec_file] [flags]

Flags:
  -h, --help            help for plan
  -o, --output string   Output file for the generated feature list (default "feature_list.json")

--- PASS: TestPlanCmd_InvalidJSON (0.00s)
=== RUN   TestPlanCmd_TextBeforeJSON
Using config file: /app/cmd/recac/config.yaml
Analyzing spec from /tmp/recac-plan-test-text3510021808/app_spec.txt...
Consulting Planner Agent...
Plan generated successfully!
Project: Text Project
Features: 0
Saved to: feature_list.json
--- PASS: TestPlanCmd_TextBeforeJSON (0.00s)
=== RUN   TestPruneCommand
=== RUN   TestPruneCommand/default_prune_(non-running)
Using config file: /app/cmd/recac/config.yaml
=== RUN   TestPruneCommand/prune_--all
Using config file: /app/cmd/recac/config.yaml
=== RUN   TestPruneCommand/prune_--since_24h_(does_not_prune_running-old)
Using config file: /app/cmd/recac/config.yaml
=== RUN   TestPruneCommand/prune_--all_--since_24h_(prunes_running-old)
Using config file: /app/cmd/recac/config.yaml
=== RUN   TestPruneCommand/prune_--dry-run_with_--since
Using config file: /app/cmd/recac/config.yaml
=== RUN   TestPruneCommand/prune_--since_100h_(no_match)
Using config file: /app/cmd/recac/config.yaml
=== RUN   TestPruneCommand/invalid_since_value
Using config file: /app/cmd/recac/config.yaml
--- PASS: TestPruneCommand (0.02s)
    --- PASS: TestPruneCommand/default_prune_(non-running) (0.00s)
    --- PASS: TestPruneCommand/prune_--all (0.00s)
    --- PASS: TestPruneCommand/prune_--since_24h_(does_not_prune_running-old) (0.00s)
    --- PASS: TestPruneCommand/prune_--all_--since_24h_(prunes_running-old) (0.00s)
    --- PASS: TestPruneCommand/prune_--dry-run_with_--since (0.00s)
    --- PASS: TestPruneCommand/prune_--since_100h_(no_match) (0.00s)
    --- PASS: TestPruneCommand/invalid_since_value (0.00s)
=== RUN   TestPsAndListCommands
=== RUN   TestPsAndListCommands/ps_command_with_no_sessions
Using config file: /app/cmd/recac/config.yaml
=== RUN   TestPsAndListCommands/list_alias_with_no_sessions
Using config file: /app/cmd/recac/config.yaml
--- PASS: TestPsAndListCommands (0.00s)
    --- PASS: TestPsAndListCommands/ps_command_with_no_sessions (0.00s)
    --- PASS: TestPsAndListCommands/list_alias_with_no_sessions (0.00s)
=== RUN   TestPsCommandWithStaleFilter
=== RUN   TestPsCommandWithStaleFilter/stale_duration_'12h'
Using config file: /app/cmd/recac/config.yaml
=== RUN   TestPsCommandWithStaleFilter/stale_duration_'7d'
Using config file: /app/cmd/recac/config.yaml
=== RUN   TestPsCommandWithStaleFilter/no_sessions_match
Using config file: /app/cmd/recac/config.yaml
=== RUN   TestPsCommandWithStaleFilter/invalid_stale_value
Using config file: /app/cmd/recac/config.yaml
--- PASS: TestPsCommandWithStaleFilter (0.01s)
    --- PASS: TestPsCommandWithStaleFilter/stale_duration_'12h' (0.00s)
    --- PASS: TestPsCommandWithStaleFilter/stale_duration_'7d' (0.00s)
    --- PASS: TestPsCommandWithStaleFilter/no_sessions_match (0.00s)
    --- PASS: TestPsCommandWithStaleFilter/invalid_stale_value (0.00s)
=== RUN   TestPsCmd_NewColumns
Using config file: /app/cmd/recac/config.yaml
--- PASS: TestPsCmd_NewColumns (0.00s)
=== RUN   TestPsCommandWithResourceUsage
Using config file: /app/cmd/recac/config.yaml
--- PASS: TestPsCommandWithResourceUsage (0.00s)
=== RUN   TestPsCommandWithLogs
=== RUN   TestPsCommandWithLogs/show_last_2_log_lines
Using config file: /app/cmd/recac/config.yaml
=== RUN   TestPsCommandWithLogs/show_all_log_lines_when_arg_is_greater_than_lines
Using config file: /app/cmd/recac/config.yaml
=== RUN   TestPsCommandWithLogs/show_no_logs_when_flag_is_not_provided
Using config file: /app/cmd/recac/config.yaml
--- PASS: TestPsCommandWithLogs (0.00s)
    --- PASS: TestPsCommandWithLogs/show_last_2_log_lines (0.00s)
    --- PASS: TestPsCommandWithLogs/show_all_log_lines_when_arg_is_greater_than_lines (0.00s)
    --- PASS: TestPsCommandWithLogs/show_no_logs_when_flag_is_not_provided (0.00s)
=== RUN   TestPsCommandWithCosts
Using config file: /app/cmd/recac/config.yaml
--- PASS: TestPsCommandWithCosts (0.00s)
=== RUN   TestPsCmdSort
=== RUN   TestPsCmdSort/sort_by_name
Using config file: /app/cmd/recac/config.yaml
=== RUN   TestPsCmdSort/sort_by_time_(default)
Using config file: /app/cmd/recac/config.yaml
=== RUN   TestPsCmdSort/sort_by_cost
Using config file: /app/cmd/recac/config.yaml
--- PASS: TestPsCmdSort (0.00s)
    --- PASS: TestPsCmdSort/sort_by_name (0.00s)
    --- PASS: TestPsCmdSort/sort_by_time_(default) (0.00s)
    --- PASS: TestPsCmdSort/sort_by_cost (0.00s)
=== RUN   TestPsCommandWithStatusFilter
=== RUN   TestPsCommandWithStatusFilter/filter_by_running_(finds_none)
Using config file: /app/cmd/recac/config.yaml
=== RUN   TestPsCommandWithStatusFilter/filter_by_completed_(finds_transitioned_running_session)
Using config file: /app/cmd/recac/config.yaml
=== RUN   TestPsCommandWithStatusFilter/filter_by_error
Using config file: /app/cmd/recac/config.yaml
=== RUN   TestPsCommandWithStatusFilter/filter_with_no_matching_sessions
Using config file: /app/cmd/recac/config.yaml
=== RUN   TestPsCommandWithStatusFilter/filter_is_case-insensitive
Using config file: /app/cmd/recac/config.yaml
--- PASS: TestPsCommandWithStatusFilter (0.01s)
    --- PASS: TestPsCommandWithStatusFilter/filter_by_running_(finds_none) (0.00s)
    --- PASS: TestPsCommandWithStatusFilter/filter_by_completed_(finds_transitioned_running_session) (0.00s)
    --- PASS: TestPsCommandWithStatusFilter/filter_by_error (0.00s)
    --- PASS: TestPsCommandWithStatusFilter/filter_with_no_matching_sessions (0.00s)
    --- PASS: TestPsCommandWithStatusFilter/filter_is_case-insensitive (0.00s)
=== RUN   TestPsCommandWithSinceFilter
=== RUN   TestPsCommandWithSinceFilter/relative_duration_'1h'
Using config file: /app/cmd/recac/config.yaml
=== RUN   TestPsCommandWithSinceFilter/relative_duration_'3h'
Using config file: /app/cmd/recac/config.yaml
=== RUN   TestPsCommandWithSinceFilter/absolute_date
Using config file: /app/cmd/recac/config.yaml
=== RUN   TestPsCommandWithSinceFilter/simple_absolute_date
Using config file: /app/cmd/recac/config.yaml
    ps_test.go:602:
		Error Trace:	/app/cmd/recac/ps_test.go:602
		Error:      	"NAME               STATUS      CPU   MEM   LOCATION   LAST USED   GOAL\nsession-recent     completed   N/A   N/A   local      never       \nsession-hour-old   completed   N/A   N/A   local      never       \nsession-day-old    error       N/A   N/A   local      never       \n" should not contain "session-day-old"
		Test:       	TestPsCommandWithSinceFilter/simple_absolute_date
=== RUN   TestPsCommandWithSinceFilter/no_sessions_match
Using config file: /app/cmd/recac/config.yaml
=== RUN   TestPsCommandWithSinceFilter/invalid_since_value
Using config file: /app/cmd/recac/config.yaml
--- FAIL: TestPsCommandWithSinceFilter (0.01s)
    --- PASS: TestPsCommandWithSinceFilter/relative_duration_'1h' (0.00s)
    --- PASS: TestPsCommandWithSinceFilter/relative_duration_'3h' (0.00s)
    --- PASS: TestPsCommandWithSinceFilter/absolute_date (0.00s)
    --- FAIL: TestPsCommandWithSinceFilter/simple_absolute_date (0.00s)
    --- PASS: TestPsCommandWithSinceFilter/no_sessions_match (0.00s)
    --- PASS: TestPsCommandWithSinceFilter/invalid_since_value (0.00s)
=== RUN   TestPsCommandWatchMode
Using config file: /app/cmd/recac/config.yaml
--- PASS: TestPsCommandWatchMode (0.00s)
=== RUN   TestRenameCmd
=== RUN   TestRenameCmd/rename_a_session
Using config file: /app/cmd/recac/config.yaml
=== RUN   TestRenameCmd/attempt_to_rename_a_running_session
Using config file: /app/cmd/recac/config.yaml
=== RUN   TestRenameCmd/attempt_to_rename_a_non-existent_session
Using config file: /app/cmd/recac/config.yaml
=== RUN   TestRenameCmd/not_enough_arguments
Using config file: /app/cmd/recac/config.yaml
=== RUN   TestRenameCmd/too_many_arguments
Using config file: /app/cmd/recac/config.yaml
--- PASS: TestRenameCmd (0.00s)
    --- PASS: TestRenameCmd/rename_a_session (0.00s)
    --- PASS: TestRenameCmd/attempt_to_rename_a_running_session (0.00s)
    --- PASS: TestRenameCmd/attempt_to_rename_a_non-existent_session (0.00s)
    --- PASS: TestRenameCmd/not_enough_arguments (0.00s)
    --- PASS: TestRenameCmd/too_many_arguments (0.00s)
=== RUN   TestReplayCmd
Using config file: /app/cmd/recac/config.yaml
--- PASS: TestReplayCmd (0.00s)
=== RUN   TestReplayCmd_RunningSession
Using config file: /app/cmd/recac/config.yaml
--- PASS: TestReplayCmd_RunningSession (0.00s)
=== RUN   TestReplayCmd_SessionNotFound
Using config file: /app/cmd/recac/config.yaml
--- PASS: TestReplayCmd_SessionNotFound (0.00s)
=== RUN   TestFindNextReplayName
=== RUN   TestFindNextReplayName/first_replay
=== RUN   TestFindNextReplayName/second_replay
=== RUN   TestFindNextReplayName/replay_a_replay
=== RUN   TestFindNextReplayName/gaps_in_numbering
=== RUN   TestFindNextReplayName/no_existing_sessions
--- PASS: TestFindNextReplayName (0.00s)
    --- PASS: TestFindNextReplayName/first_replay (0.00s)
    --- PASS: TestFindNextReplayName/second_replay (0.00s)
    --- PASS: TestFindNextReplayName/replay_a_replay (0.00s)
    --- PASS: TestFindNextReplayName/gaps_in_numbering (0.00s)
    --- PASS: TestFindNextReplayName/no_existing_sessions (0.00s)
=== RUN   TestRestartCmd
=== RUN   TestRestartCmd/success
Using config file: /app/cmd/recac/config.yaml
=== RUN   TestRestartCmd/error_on_running_session
Using config file: /app/cmd/recac/config.yaml
=== RUN   TestRestartCmd/error_on_non-existent_session
Using config file: /app/cmd/recac/config.yaml
--- PASS: TestRestartCmd (0.00s)
    --- PASS: TestRestartCmd/success (0.00s)
    --- PASS: TestRestartCmd/error_on_running_session (0.00s)
    --- PASS: TestRestartCmd/error_on_non-existent_session (0.00s)
=== RUN   TestResumeCommand
=== RUN   TestResumeCommand/Resume_an_errored_session
Using config file: /app/cmd/recac/config.yaml
=== RUN   TestResumeCommand/Resume_a_stopped_session
Using config file: /app/cmd/recac/config.yaml
=== RUN   TestResumeCommand/Fail_to_resume_a_running_session
Using config file: /app/cmd/recac/config.yaml
=== RUN   TestResumeCommand/Resume_command_preserves_original_flags
Using config file: /app/cmd/recac/config.yaml
=== RUN   TestResumeCommand/Fail_on_non-resumable_status
Using config file: /app/cmd/recac/config.yaml
--- PASS: TestResumeCommand (0.02s)
    --- PASS: TestResumeCommand/Resume_an_errored_session (0.00s)
    --- PASS: TestResumeCommand/Resume_a_stopped_session (0.00s)
    --- PASS: TestResumeCommand/Fail_to_resume_a_running_session (0.00s)
    --- PASS: TestResumeCommand/Resume_command_preserves_original_flags (0.00s)
    --- PASS: TestResumeCommand/Fail_on_non-resumable_status (0.00s)
=== RUN   TestReviewCmd_File
--- PASS: TestReviewCmd_File (0.00s)
=== RUN   TestReviewCmd_Diff
--- PASS: TestReviewCmd_Diff (0.04s)
=== RUN   TestReviewCmd_NoChanges
--- PASS: TestReviewCmd_NoChanges (0.03s)
=== RUN   TestRmCmd
=== RUN   TestRmCmd/remove_single_session
Using config file: /app/cmd/recac/config.yaml
=== RUN   TestRmCmd/remove_multiple_sessions
Using config file: /app/cmd/recac/config.yaml
=== RUN   TestRmCmd/attempt_to_remove_running_session_without_force
Using config file: /app/cmd/recac/config.yaml
=== RUN   TestRmCmd/remove_running_session_with_force
Using config file: /app/cmd/recac/config.yaml
=== RUN   TestRmCmd/remove_non-existent_session
Using config file: /app/cmd/recac/config.yaml
=== RUN   TestRmCmd/no_arguments_provided
Using config file: /app/cmd/recac/config.yaml
--- PASS: TestRmCmd (0.00s)
    --- PASS: TestRmCmd/remove_single_session (0.00s)
    --- PASS: TestRmCmd/remove_multiple_sessions (0.00s)
    --- PASS: TestRmCmd/attempt_to_remove_running_session_without_force (0.00s)
    --- PASS: TestRmCmd/remove_running_session_with_force (0.00s)
    --- PASS: TestRmCmd/remove_non-existent_session (0.00s)
    --- PASS: TestRmCmd/no_arguments_provided (0.00s)
=== RUN   TestScanCmd
=== RUN   TestScanCmd/Scan_Text_Output
=== RUN   TestScanCmd/Scan_JSON_Output
=== RUN   TestScanCmd/Export_Plan
Successfully exported 2 items to plan.json
=== RUN   TestScanCmd/False_Positives
--- PASS: TestScanCmd (0.00s)
    --- PASS: TestScanCmd/Scan_Text_Output (0.00s)
    --- PASS: TestScanCmd/Scan_JSON_Output (0.00s)
    --- PASS: TestScanCmd/Export_Plan (0.00s)
    --- PASS: TestScanCmd/False_Positives (0.00s)
=== RUN   TestSearchLogs
=== RUN   TestSearchLogs/Default_Case-Insensitive_Search
=== RUN   TestSearchLogs/Case-Sensitive_Search_-_Match
=== RUN   TestSearchLogs/Case-Sensitive_Search_-_Partial_Match
=== RUN   TestSearchLogs/Regex_Search
=== RUN   TestSearchLogs/Regex_Search_with_Word_Boundary
=== RUN   TestSearchLogs/Invalid_Regex
=== RUN   TestSearchLogs/No_Matches_Found
--- PASS: TestSearchLogs (0.00s)
    --- PASS: TestSearchLogs/Default_Case-Insensitive_Search (0.00s)
    --- PASS: TestSearchLogs/Case-Sensitive_Search_-_Match (0.00s)
    --- PASS: TestSearchLogs/Case-Sensitive_Search_-_Partial_Match (0.00s)
    --- PASS: TestSearchLogs/Regex_Search (0.00s)
    --- PASS: TestSearchLogs/Regex_Search_with_Word_Boundary (0.00s)
    --- PASS: TestSearchLogs/Invalid_Regex (0.00s)
    --- PASS: TestSearchLogs/No_Matches_Found (0.00s)
=== RUN   TestSettingsCmd
=== RUN   TestSettingsCmd/get
=== RUN   TestSettingsCmd/get/existing_key
=== RUN   TestSettingsCmd/get/non-existing_key
=== RUN   TestSettingsCmd/set
=== RUN   TestSettingsCmd/view
--- PASS: TestSettingsCmd (0.00s)
    --- PASS: TestSettingsCmd/get (0.00s)
        --- PASS: TestSettingsCmd/get/existing_key (0.00s)
        --- PASS: TestSettingsCmd/get/non-existing_key (0.00s)
    --- PASS: TestSettingsCmd/set (0.00s)
    --- PASS: TestSettingsCmd/view (0.00s)
=== RUN   TestStartCommand_Detached
Using config file: /app/cmd/recac/config.yaml
fatal: not a git repository (or any of the parent directories): .git
--- PASS: TestStartCommand_Detached (0.01s)
=== RUN   TestStartCommand_MockMode_Interactive
Using config file: /app/cmd/recac/config.yaml
[Session] DB Store initialized successfully: type=sqlite, project=mock-project
Session failed: maximum iterations reached

=== CRITICAL ERROR: Session Panic ===
Error: exit-1
Attempting graceful shutdown...
--- PASS: TestStartCommand_MockMode_Interactive (1.05s)
=== RUN   TestStartCommand_Resume
Using config file: /app/cmd/recac/config.yaml
[Session] DB Store initialized successfully: type=sqlite, project=mock-project
Resumed session failed: maximum iterations reached

=== CRITICAL ERROR: Session Panic ===
Error: exit-1
Attempting graceful shutdown...
--- PASS: TestStartCommand_Resume (1.04s)
=== RUN   TestCalculateStats
--- PASS: TestCalculateStats (0.00s)
=== RUN   TestStatusCommand
=== RUN   TestStatusCommand/show_status_for_a_running_session
Using config file: /app/cmd/recac/config.yaml
=== RUN   TestStatusCommand/show_status_for_a_completed_session
Using config file: /app/cmd/recac/config.yaml
=== RUN   TestStatusCommand/gracefully_handles_missing_agent_state_file
Using config file: /app/cmd/recac/config.yaml
=== RUN   TestStatusCommand/defaults_to_most_recent_session_when_no_name_is_provided
Using config file: /app/cmd/recac/config.yaml
=== RUN   TestStatusCommand/reports_error_for_non-existent_session
Using config file: /app/cmd/recac/config.yaml
=== RUN   TestStatusCommand/runs_TUI_dashboard_when_--watch_is_provided
Using config file: /app/cmd/recac/config.yaml
--- PASS: TestStatusCommand (0.01s)
    --- PASS: TestStatusCommand/show_status_for_a_running_session (0.00s)
    --- PASS: TestStatusCommand/show_status_for_a_completed_session (0.00s)
    --- PASS: TestStatusCommand/gracefully_handles_missing_agent_state_file (0.00s)
    --- PASS: TestStatusCommand/defaults_to_most_recent_session_when_no_name_is_provided (0.00s)
    --- PASS: TestStatusCommand/reports_error_for_non-existent_session (0.00s)
    --- PASS: TestStatusCommand/runs_TUI_dashboard_when_--watch_is_provided (0.00s)
=== RUN   TestSummaryCommand
=== RUN   TestSummaryCommand/no_sessions
Using config file: /app/cmd/recac/config.yaml
=== RUN   TestSummaryCommand/multiple_sessions
Using config file: /app/cmd/recac/config.yaml
--- PASS: TestSummaryCommand (0.00s)
    --- PASS: TestSummaryCommand/no_sessions (0.00s)
    --- PASS: TestSummaryCommand/multiple_sessions (0.00s)
=== RUN   TestSummaryCommandWatch
    summary_test.go:86: TUI watch tests are not implemented
--- SKIP: TestSummaryCommandWatch (0.00s)
=== RUN   TestGenerateTickets
Analyzing spec and generating ticket plan...
Found 1 top-level items. Creating tickets...
Creating Epic: Epic 1
  -> Created Epic PROJ-1
  Creating Child (Story): Story 1
    -> Created PROJ-2
Creating issue links for blockers...
Done.
--- PASS: TestGenerateTickets (0.00s)
=== RUN   TestGenerateTickets_AgentFailure
Analyzing spec and generating ticket plan...
--- PASS: TestGenerateTickets_AgentFailure (0.00s)
=== RUN   TestGenerateTickets_InvalidRepo
Analyzing spec and generating ticket plan...
Found 1 top-level items. Creating tickets...
--- PASS: TestGenerateTickets_InvalidRepo (0.00s)
=== RUN   TestGenerateTickets_InvalidJSON
Analyzing spec and generating ticket plan...
--- PASS: TestGenerateTickets_InvalidJSON (0.00s)
=== RUN   TestGenerateTickets_JiraCreateError
Analyzing spec and generating ticket plan...
Found 1 top-level items. Creating tickets...
Creating Epic: Epic 1
Error: Failed to create Epic 'Epic 1': assert.AnError general error for testing
Creating issue links for blockers...
Done.
--- PASS: TestGenerateTickets_JiraCreateError (0.00s)
=== RUN   TestGenerateTickets_ChildAndLinkLogic
Analyzing spec and generating ticket plan...
Found 2 top-level items. Creating tickets...
Creating Epic: Blocker Epic
  -> Created Epic PROJ-10
Creating Epic: Blocked Epic
  -> Created Epic PROJ-11
Creating issue links for blockers...
Linking PROJ-11 as blocked by PROJ-10
Done.
--- PASS: TestGenerateTickets_ChildAndLinkLogic (0.00s)
=== RUN   TestGenerateTickets_LinkError
Analyzing spec and generating ticket plan...
Found 2 top-level items. Creating tickets...
Creating Epic: Blocker
  -> Created Epic PROJ-1
Creating Epic: Blocked
  -> Created Epic PROJ-2
Creating issue links for blockers...
Linking PROJ-2 as blocked by PROJ-1
Warning: Failed to link PROJ-2 as blocked by PROJ-1: assert.AnError general error for testing
Done.
--- PASS: TestGenerateTickets_LinkError (0.00s)
=== RUN   TestGenerateTickets_Defaults
Analyzing spec and generating ticket plan...
Found 1 top-level items. Creating tickets...
Creating Epic: Epic 1
  -> Created Epic PROJ-1
  Creating Child (Story): Story 1
    -> Created PROJ-2
Creating issue links for blockers...
Done.
--- PASS: TestGenerateTickets_Defaults (0.00s)
=== RUN   TestGenerateTickets_MarkdownStripping
Analyzing spec and generating ticket plan...
Found 1 top-level items. Creating tickets...
Creating Epic: Epic
  -> Created Epic PROJ-1
Creating issue links for blockers...
Done.
Analyzing spec and generating ticket plan...
Found 1 top-level items. Creating tickets...
Creating Epic: Epic
  -> Created Epic PROJ-2
Creating issue links for blockers...
Done.
--- PASS: TestGenerateTickets_MarkdownStripping (0.00s)
=== RUN   TestGenerateTickets_StoryInvalidRepo
Analyzing spec and generating ticket plan...
Found 1 top-level items. Creating tickets...
--- PASS: TestGenerateTickets_StoryInvalidRepo (0.00s)
=== RUN   TestTopCommand
Using config file: /app/cmd/recac/config.yaml
--- PASS: TestTopCommand (0.00s)
=== RUN   TestUnarchiveCmd
Using config file: /app/cmd/recac/config.yaml
--- PASS: TestUnarchiveCmd (0.00s)
=== RUN   TestUnpauseCmd
=== RUN   TestUnpauseCmd/successfully_unpauses_a_paused_session
Using config file: /app/cmd/recac/config.yaml
=== RUN   TestUnpauseCmd/fails_to_unpause_a_session_that_is_not_paused
Using config file: /app/cmd/recac/config.yaml
=== RUN   TestUnpauseCmd/fails_to_unpause_a_non-existent_session
Using config file: /app/cmd/recac/config.yaml
=== RUN   TestUnpauseCmd/interactive_prompt_when_no_session_is_provided
Using config file: /app/cmd/recac/config.yaml
=== RUN   TestUnpauseCmd/interactive_prompt_with_no_paused_sessions
Using config file: /app/cmd/recac/config.yaml
--- PASS: TestUnpauseCmd (0.00s)
    --- PASS: TestUnpauseCmd/successfully_unpauses_a_paused_session (0.00s)
    --- PASS: TestUnpauseCmd/fails_to_unpause_a_session_that_is_not_paused (0.00s)
    --- PASS: TestUnpauseCmd/fails_to_unpause_a_non-existent_session (0.00s)
    --- PASS: TestUnpauseCmd/interactive_prompt_when_no_session_is_provided (0.00s)
    --- PASS: TestUnpauseCmd/interactive_prompt_with_no_paused_sessions (0.00s)
=== RUN   TestRepoRegex
--- PASS: TestRepoRegex (0.00s)
=== RUN   Test_printConfig
=== RUN   Test_printConfig/sensitive_values_redacted
=== RUN   Test_printConfig/sensitive_values_shown
=== RUN   Test_printConfig/nested_sensitive_values
--- PASS: Test_printConfig (0.00s)
    --- PASS: Test_printConfig/sensitive_values_redacted (0.00s)
    --- PASS: Test_printConfig/sensitive_values_shown (0.00s)
    --- PASS: Test_printConfig/nested_sensitive_values (0.00s)
=== RUN   TestConfigViewCommand
=== RUN   TestConfigViewCommand/redacted_output
Using config file: /tmp/config-4023603175.yaml
=== RUN   TestConfigViewCommand/show_sensitive_output
Using config file: /tmp/config-4023603175.yaml
--- PASS: TestConfigViewCommand (0.00s)
    --- PASS: TestConfigViewCommand/redacted_output (0.00s)
    --- PASS: TestConfigViewCommand/show_sensitive_output (0.00s)
=== RUN   TestWorkdiffCmd
Using config file: /app/cmd/recac/config.yaml
--- PASS: TestWorkdiffCmd (0.07s)
=== RUN   TestShowAliasCmd
=== RUN   TestShowAliasCmd/show_with_one_argument_should_succeed
Using config file: /app/cmd/recac/config.yaml
=== RUN   TestShowAliasCmd/show_with_two_arguments_should_fail
Using config file: /app/cmd/recac/config.yaml
=== RUN   TestShowAliasCmd/show_with_no_arguments_should_fail
Using config file: /app/cmd/recac/config.yaml
--- PASS: TestShowAliasCmd (0.07s)
    --- PASS: TestShowAliasCmd/show_with_one_argument_should_succeed (0.01s)
    --- PASS: TestShowAliasCmd/show_with_two_arguments_should_fail (0.00s)
    --- PASS: TestShowAliasCmd/show_with_no_arguments_should_fail (0.00s)
FAIL
FAIL	recac/cmd/recac	6.050s
FAIL
